02/25/2025 12:18:27 AM Query 21 finished
02/25/2025 12:18:28 AM Query 35 finished
02/25/2025 12:18:29 AM Query 34 finished
02/25/2025 12:18:29 AM Query 20 finished
02/25/2025 12:18:29 AM Error processing query plan for query id 36: column "lochierarchy" does not exist
LINE 39:         when lochierarchy = 0 then i_category
                      ^
02/25/2025 12:18:37 AM Query 22 finished
02/25/2025 12:18:43 AM Query 23 finished
02/25/2025 12:18:43 AM Query 37 finished
02/25/2025 12:18:43 AM Query 33 finished
02/25/2025 12:18:44 AM Query 27 finished
02/25/2025 12:18:44 AM Query 26 finished
02/25/2025 12:18:44 AM Query 32 finished
02/25/2025 12:18:44 AM Query 18 finished
02/25/2025 12:18:44 AM Query 24 finished
02/25/2025 12:18:53 AM Query 30 finished
02/25/2025 12:19:00 AM Query 31 finished
02/25/2025 12:19:02 AM Query 25 finished
02/25/2025 12:19:02 AM Query 19 finished
02/25/2025 12:19:38 AM Query 81 finished
02/25/2025 12:19:58 AM Query 95 finished
02/25/2025 12:19:58 AM Query 42 finished
02/25/2025 12:19:59 AM Query 56 finished
02/25/2025 01:03:10 AM Query 4 finished
02/25/2025 01:03:11 AM Query 57 finished
02/25/2025 01:03:12 AM Query 5 finished
02/25/2025 01:03:12 AM Query 43 finished
02/25/2025 01:03:12 AM Query 94 finished
02/25/2025 01:03:13 AM Query 80 finished
02/25/2025 01:03:13 AM Query 96 finished
02/25/2025 01:03:13 AM Query 82 finished
02/25/2025 01:03:14 AM Query 7 finished
02/25/2025 01:03:14 AM Query 55 finished
02/25/2025 01:03:14 AM Query 41 finished
02/25/2025 01:03:15 AM Query 69 finished
02/25/2025 01:03:15 AM Query 68 finished
02/25/2025 01:03:15 AM Query 40 finished
02/25/2025 01:04:40 AM Query 6 finished
02/25/2025 01:04:40 AM Query 54 finished
02/25/2025 01:04:40 AM Query 83 finished
02/25/2025 01:04:41 AM Query 97 finished
02/25/2025 01:04:41 AM Query 93 finished
02/25/2025 01:04:43 AM Query 87 finished
02/25/2025 01:04:45 AM Query 78 finished
02/25/2025 01:04:45 AM Query 50 finished
02/25/2025 01:04:46 AM Query 2 finished
02/25/2025 01:04:46 AM Query 44 finished
02/25/2025 01:04:46 AM Query 45 finished
02/25/2025 01:04:47 AM Query 51 finished
02/25/2025 01:04:47 AM Query 3 finished
02/25/2025 01:04:47 AM Query 79 finished
02/25/2025 01:04:48 AM Query 86 finished
02/25/2025 01:04:48 AM Query 92 finished
02/25/2025 01:04:48 AM Query 84 finished
02/25/2025 01:04:48 AM Query 90 finished
02/25/2025 01:04:50 AM Query 47 finished
02/25/2025 01:06:49 AM Query 1 finished
02/25/2025 01:06:49 AM Query 53 finished
02/25/2025 01:06:49 AM Query 52 finished
02/25/2025 01:06:49 AM Query 46 finished
02/25/2025 01:06:49 AM Query 91 finished
02/25/2025 01:06:50 AM Query 85 finished
02/25/2025 01:06:51 AM Query 88 finished
02/25/2025 01:06:51 AM Query 63 finished
02/25/2025 01:06:51 AM Query 77 finished
02/25/2025 01:06:52 AM Query 76 finished
02/25/2025 01:06:52 AM Query 62 finished
02/25/2025 01:06:52 AM Query 89 finished
02/25/2025 01:16:28 AM Query 74 finished
02/25/2025 01:16:30 AM Query 60 finished
02/25/2025 01:16:30 AM Query 48 finished
02/25/2025 01:16:30 AM Query 49 finished
02/25/2025 01:16:30 AM Query 61 finished
02/25/2025 01:16:31 AM Query 75 finished
02/25/2025 01:16:32 AM Query 59 finished
02/25/2025 01:16:32 AM Query 71 finished
02/25/2025 01:16:32 AM Query 65 finished
02/25/2025 01:16:33 AM Query 64 finished
02/25/2025 01:16:33 AM Error processing query plan for query id 70: column "lochierarchy" does not exist
LINE 55:         when lochierarchy = 0 then s_state
                      ^
02/25/2025 01:16:33 AM Query 58 finished
02/25/2025 01:16:33 AM Query 99 finished
02/25/2025 01:16:34 AM Query 8 finished
02/25/2025 01:16:34 AM Query 66 finished
02/25/2025 01:16:34 AM Query 72 finished
02/25/2025 01:16:34 AM Query 73 finished
02/25/2025 01:16:36 AM Query 67 finished
02/25/2025 01:16:38 AM Query 9 finished
02/25/2025 01:16:38 AM Query 98 finished
02/25/2025 01:16:53 AM Query 14 finished
02/25/2025 01:16:54 AM Query 28 finished
02/25/2025 01:16:55 AM Query 29 finished
02/25/2025 01:16:56 AM Query 15 finished
02/25/2025 01:16:58 AM Query 17 finished
02/25/2025 01:16:58 AM Query 16 finished
02/25/2025 01:16:59 AM Query 12 finished
02/25/2025 01:16:59 AM Query 13 finished
02/25/2025 01:17:01 AM Query 39 finished
02/25/2025 01:41:23 AM Query 11 finished
02/25/2025 01:41:27 AM Query 10 finished
02/25/2025 01:41:29 AM Query 38 finished
